[0.059s] DEBUG:colcon:Command line arguments: ['/usr/bin/colcon', 'build']
[0.059s] DEBUG:colcon:Parsed command line arguments: Namespace(log_base=None, log_level=None, verb_name='build', build_base='build', install_base='install', merge_install=False, symlink_install=False, test_result_base=None, continue_on_error=False, executor='parallel', parallel_workers=16, event_handlers=None, ignore_user_meta=False, metas=['./colcon.meta'], base_paths=['.'], packages_ignore=None, packages_ignore_regex=None, paths=None, packages_up_to=None, packages_up_to_regex=None, packages_above=None, packages_above_and_dependencies=None, packages_above_depth=None, packages_select_by_dep=None, packages_skip_by_dep=None, packages_skip_up_to=None, packages_select_build_failed=False, packages_skip_build_finished=False, packages_select_test_failures=False, packages_skip_test_passed=False, packages_select=None, packages_skip=None, packages_select_regex=None, packages_skip_regex=None, packages_start=None, packages_end=None, allow_overriding=[], cmake_args=None, cmake_target=None, cmake_target_skip_unavailable=False, cmake_clean_cache=False, cmake_clean_first=False, cmake_force_configure=False, ament_cmake_args=None, catkin_cmake_args=None, catkin_skip_building_tests=False, verb_parser=<colcon_defaults.argument_parser.defaults.DefaultArgumentsDecorator object at 0x702e833314b0>, verb_extension=<colcon_core.verb.build.BuildVerb object at 0x702e83330f70>, main=<bound method BuildVerb.main of <colcon_core.verb.build.BuildVerb object at 0x702e83330f70>>)
[0.189s] Level 1:colcon.colcon_core.package_discovery:discover_packages(colcon_meta) check parameters
[0.190s] Level 1:colcon.colcon_core.package_discovery:discover_packages(recursive) check parameters
[0.190s] Level 1:colcon.colcon_core.package_discovery:discover_packages(ignore) check parameters
[0.190s] Level 1:colcon.colcon_core.package_discovery:discover_packages(path) check parameters
[0.190s] Level 1:colcon.colcon_core.package_discovery:discover_packages(colcon_meta) discover
[0.190s] Level 1:colcon.colcon_core.package_discovery:discover_packages(recursive) discover
[0.190s] INFO:colcon.colcon_core.package_discovery:Crawling recursively for packages in '/home/osb/hri_robot'
[0.190s] Level 1:colcon.colcon_core.package_identification:_identify(.) by extensions ['ignore', 'ignore_ament_install']
[0.190s] Level 1:colcon.colcon_core.package_identification:_identify(.) by extension 'ignore'
[0.190s] Level 1:colcon.colcon_core.package_identification:_identify(.) by extension 'ignore_ament_install'
[0.190s] Level 1:colcon.colcon_core.package_identification:_identify(.) by extensions ['colcon_pkg']
[0.190s] Level 1:colcon.colcon_core.package_identification:_identify(.) by extension 'colcon_pkg'
[0.190s] Level 1:colcon.colcon_core.package_identification:_identify(.) by extensions ['colcon_meta']
[0.190s] Level 1:colcon.colcon_core.package_identification:_identify(.) by extension 'colcon_meta'
[0.190s] Level 1:colcon.colcon_core.package_identification:_identify(.) by extensions ['ros']
[0.190s] Level 1:colcon.colcon_core.package_identification:_identify(.) by extension 'ros'
[0.197s] Level 1:colcon.colcon_core.package_identification:_identify(.) by extensions ['cmake', 'python']
[0.197s] Level 1:colcon.colcon_core.package_identification:_identify(.) by extension 'cmake'
[0.197s] Level 1:colcon.colcon_core.package_identification:_identify(.) by extension 'python'
[0.197s] Level 1:colcon.colcon_core.package_identification:_identify(.) by extensions ['python_setup_py']
[0.197s] Level 1:colcon.colcon_core.package_identification:_identify(.) by extension 'python_setup_py'
[0.197s] Level 1:colcon.colcon_core.package_identification:_identify(build) by extensions ['ignore', 'ignore_ament_install']
[0.198s] Level 1:colcon.colcon_core.package_identification:_identify(build) by extension 'ignore'
[0.198s] Level 1:colcon.colcon_core.package_identification:_identify(build) ignored
[0.198s] Level 1:colcon.colcon_core.package_identification:_identify(install) by extensions ['ignore', 'ignore_ament_install']
[0.198s] Level 1:colcon.colcon_core.package_identification:_identify(install) by extension 'ignore'
[0.198s] Level 1:colcon.colcon_core.package_identification:_identify(install) ignored
[0.198s] Level 1:colcon.colcon_core.package_identification:_identify(log) by extensions ['ignore', 'ignore_ament_install']
[0.198s] Level 1:colcon.colcon_core.package_identification:_identify(log) by extension 'ignore'
[0.198s] Level 1:colcon.colcon_core.package_identification:_identify(log) ignored
[0.198s] Level 1:colcon.colcon_core.package_identification:_identify(src) by extensions ['ignore', 'ignore_ament_install']
[0.198s] Level 1:colcon.colcon_core.package_identification:_identify(src) by extension 'ignore'
[0.198s] Level 1:colcon.colcon_core.package_identification:_identify(src) by extension 'ignore_ament_install'
[0.198s] Level 1:colcon.colcon_core.package_identification:_identify(src) by extensions ['colcon_pkg']
[0.198s] Level 1:colcon.colcon_core.package_identification:_identify(src) by extension 'colcon_pkg'
[0.198s] Level 1:colcon.colcon_core.package_identification:_identify(src) by extensions ['colcon_meta']
[0.198s] Level 1:colcon.colcon_core.package_identification:_identify(src) by extension 'colcon_meta'
[0.198s] Level 1:colcon.colcon_core.package_identification:_identify(src) by extensions ['ros']
[0.198s] Level 1:colcon.colcon_core.package_identification:_identify(src) by extension 'ros'
[0.198s] Level 1:colcon.colcon_core.package_identification:_identify(src) by extensions ['cmake', 'python']
[0.198s] Level 1:colcon.colcon_core.package_identification:_identify(src) by extension 'cmake'
[0.198s] Level 1:colcon.colcon_core.package_identification:_identify(src) by extension 'python'
[0.198s] Level 1:colcon.colcon_core.package_identification:_identify(src) by extensions ['python_setup_py']
[0.198s] Level 1:colcon.colcon_core.package_identification:_identify(src) by extension 'python_setup_py'
[0.198s] Level 1:colcon.colcon_core.package_identification:_identify(src/hri_mobile_robot_description) by extensions ['ignore', 'ignore_ament_install']
[0.198s] Level 1:colcon.colcon_core.package_identification:_identify(src/hri_mobile_robot_description) by extension 'ignore'
[0.198s] Level 1:colcon.colcon_core.package_identification:_identify(src/hri_mobile_robot_description) by extension 'ignore_ament_install'
[0.198s] Level 1:colcon.colcon_core.package_identification:_identify(src/hri_mobile_robot_description) by extensions ['colcon_pkg']
[0.198s] Level 1:colcon.colcon_core.package_identification:_identify(src/hri_mobile_robot_description) by extension 'colcon_pkg'
[0.198s] Level 1:colcon.colcon_core.package_identification:_identify(src/hri_mobile_robot_description) by extensions ['colcon_meta']
[0.198s] Level 1:colcon.colcon_core.package_identification:_identify(src/hri_mobile_robot_description) by extension 'colcon_meta'
[0.198s] Level 1:colcon.colcon_core.package_identification:_identify(src/hri_mobile_robot_description) by extensions ['ros']
[0.198s] Level 1:colcon.colcon_core.package_identification:_identify(src/hri_mobile_robot_description) by extension 'ros'
[0.200s] DEBUG:colcon.colcon_core.package_identification:Package 'src/hri_mobile_robot_description' with type 'ros.ament_python' and name 'hri_mobile_robot_description'
[0.200s] Level 1:colcon.colcon_core.package_identification:_identify(src/joy_tester-main) by extensions ['ignore', 'ignore_ament_install']
[0.200s] Level 1:colcon.colcon_core.package_identification:_identify(src/joy_tester-main) by extension 'ignore'
[0.200s] Level 1:colcon.colcon_core.package_identification:_identify(src/joy_tester-main) by extension 'ignore_ament_install'
[0.200s] Level 1:colcon.colcon_core.package_identification:_identify(src/joy_tester-main) by extensions ['colcon_pkg']
[0.200s] Level 1:colcon.colcon_core.package_identification:_identify(src/joy_tester-main) by extension 'colcon_pkg'
[0.200s] Level 1:colcon.colcon_core.package_identification:_identify(src/joy_tester-main) by extensions ['colcon_meta']
[0.200s] Level 1:colcon.colcon_core.package_identification:_identify(src/joy_tester-main) by extension 'colcon_meta'
[0.200s] Level 1:colcon.colcon_core.package_identification:_identify(src/joy_tester-main) by extensions ['ros']
[0.200s] Level 1:colcon.colcon_core.package_identification:_identify(src/joy_tester-main) by extension 'ros'
[0.200s] DEBUG:colcon.colcon_core.package_identification:Package 'src/joy_tester-main' with type 'ros.ament_python' and name 'joy_tester'
[0.200s] Level 1:colcon.colcon_core.package_discovery:discover_packages(recursive) using defaults
[0.200s] Level 1:colcon.colcon_core.package_discovery:discover_packages(ignore) discover
[0.200s] Level 1:colcon.colcon_core.package_discovery:discover_packages(ignore) using defaults
[0.200s] Level 1:colcon.colcon_core.package_discovery:discover_packages(path) discover
[0.200s] Level 1:colcon.colcon_core.package_discovery:discover_packages(path) using defaults
[0.213s] Level 1:colcon.colcon_core.package_discovery:discover_packages(prefix_path) check parameters
[0.213s] Level 1:colcon.colcon_core.package_discovery:discover_packages(prefix_path) discover
[0.214s] WARNING:colcon.colcon_ros.prefix_path.ament:The path '/home/osb/hri_robot/install/joy_tester' in the environment variable AMENT_PREFIX_PATH doesn't exist
[0.214s] WARNING:colcon.colcon_ros.prefix_path.ament:The path '/home/osb/hri_robot/install/hri_mobile_robot_description' in the environment variable AMENT_PREFIX_PATH doesn't exist
[0.215s] DEBUG:colcon.colcon_installed_package_information.package_discovery:Found 0 installed packages in /home/osb/hri_robot/install
[0.215s] DEBUG:colcon.colcon_installed_package_information.package_discovery:Found 297 installed packages in /opt/ros/humble
[0.216s] Level 1:colcon.colcon_core.package_discovery:discover_packages(prefix_path) using defaults
[0.233s] Level 5:colcon.colcon_core.verb:set package 'hri_mobile_robot_description' build argument 'cmake_args' from command line to 'None'
[0.233s] Level 5:colcon.colcon_core.verb:set package 'hri_mobile_robot_description' build argument 'cmake_target' from command line to 'None'
[0.233s] Level 5:colcon.colcon_core.verb:set package 'hri_mobile_robot_description' build argument 'cmake_target_skip_unavailable' from command line to 'False'
[0.233s] Level 5:colcon.colcon_core.verb:set package 'hri_mobile_robot_description' build argument 'cmake_clean_cache' from command line to 'False'
[0.233s] Level 5:colcon.colcon_core.verb:set package 'hri_mobile_robot_description' build argument 'cmake_clean_first' from command line to 'False'
[0.233s] Level 5:colcon.colcon_core.verb:set package 'hri_mobile_robot_description' build argument 'cmake_force_configure' from command line to 'False'
[0.233s] Level 5:colcon.colcon_core.verb:set package 'hri_mobile_robot_description' build argument 'ament_cmake_args' from command line to 'None'
[0.233s] Level 5:colcon.colcon_core.verb:set package 'hri_mobile_robot_description' build argument 'catkin_cmake_args' from command line to 'None'
[0.233s] Level 5:colcon.colcon_core.verb:set package 'hri_mobile_robot_description' build argument 'catkin_skip_building_tests' from command line to 'False'
[0.233s] DEBUG:colcon.colcon_core.verb:Building package 'hri_mobile_robot_description' with the following arguments: {'ament_cmake_args': None, 'build_base': '/home/osb/hri_robot/build/hri_mobile_robot_description', 'catkin_cmake_args': None, 'catkin_skip_building_tests': False, 'cmake_args': None, 'cmake_clean_cache': False, 'cmake_clean_first': False, 'cmake_force_configure': False, 'cmake_target': None, 'cmake_target_skip_unavailable': False, 'install_base': '/home/osb/hri_robot/install/hri_mobile_robot_description', 'merge_install': False, 'path': '/home/osb/hri_robot/src/hri_mobile_robot_description', 'symlink_install': False, 'test_result_base': None}
[0.234s] Level 5:colcon.colcon_core.verb:set package 'joy_tester' build argument 'cmake_args' from command line to 'None'
[0.234s] Level 5:colcon.colcon_core.verb:set package 'joy_tester' build argument 'cmake_target' from command line to 'None'
[0.234s] Level 5:colcon.colcon_core.verb:set package 'joy_tester' build argument 'cmake_target_skip_unavailable' from command line to 'False'
[0.234s] Level 5:colcon.colcon_core.verb:set package 'joy_tester' build argument 'cmake_clean_cache' from command line to 'False'
[0.234s] Level 5:colcon.colcon_core.verb:set package 'joy_tester' build argument 'cmake_clean_first' from command line to 'False'
[0.234s] Level 5:colcon.colcon_core.verb:set package 'joy_tester' build argument 'cmake_force_configure' from command line to 'False'
[0.234s] Level 5:colcon.colcon_core.verb:set package 'joy_tester' build argument 'ament_cmake_args' from command line to 'None'
[0.234s] Level 5:colcon.colcon_core.verb:set package 'joy_tester' build argument 'catkin_cmake_args' from command line to 'None'
[0.234s] Level 5:colcon.colcon_core.verb:set package 'joy_tester' build argument 'catkin_skip_building_tests' from command line to 'False'
[0.234s] DEBUG:colcon.colcon_core.verb:Building package 'joy_tester' with the following arguments: {'ament_cmake_args': None, 'build_base': '/home/osb/hri_robot/build/joy_tester', 'catkin_cmake_args': None, 'catkin_skip_building_tests': False, 'cmake_args': None, 'cmake_clean_cache': False, 'cmake_clean_first': False, 'cmake_force_configure': False, 'cmake_target': None, 'cmake_target_skip_unavailable': False, 'install_base': '/home/osb/hri_robot/install/joy_tester', 'merge_install': False, 'path': '/home/osb/hri_robot/src/joy_tester-main', 'symlink_install': False, 'test_result_base': None}
[0.234s] INFO:colcon.colcon_core.executor:Executing jobs using 'parallel' executor
[0.234s] DEBUG:colcon.colcon_parallel_executor.executor.parallel:run_until_complete
[0.235s] INFO:colcon.colcon_ros.task.ament_python.build:Building ROS package in '/home/osb/hri_robot/src/hri_mobile_robot_description' with build type 'ament_python'
[0.235s] Level 1:colcon.colcon_core.shell:create_environment_hook('hri_mobile_robot_description', 'ament_prefix_path')
[0.236s] INFO:colcon.colcon_core.plugin_system:Skipping extension 'colcon_core.shell.bat': Not used on non-Windows systems
[0.236s] INFO:colcon.colcon_core.shell:Creating environment hook '/home/osb/hri_robot/install/hri_mobile_robot_description/share/hri_mobile_robot_description/hook/ament_prefix_path.ps1'
[0.237s] INFO:colcon.colcon_core.shell:Creating environment descriptor '/home/osb/hri_robot/install/hri_mobile_robot_description/share/hri_mobile_robot_description/hook/ament_prefix_path.dsv'
[0.237s] INFO:colcon.colcon_core.shell:Creating environment hook '/home/osb/hri_robot/install/hri_mobile_robot_description/share/hri_mobile_robot_description/hook/ament_prefix_path.sh'
[0.237s] INFO:colcon.colcon_core.shell:Skip shell extension 'powershell' for command environment: Not usable outside of PowerShell
[0.237s] DEBUG:colcon.colcon_core.shell:Skip shell extension 'dsv' for command environment
[0.239s] INFO:colcon.colcon_ros.task.ament_python.build:Building ROS package in '/home/osb/hri_robot/src/joy_tester-main' with build type 'ament_python'
[0.239s] Level 1:colcon.colcon_core.shell:create_environment_hook('joy_tester', 'ament_prefix_path')
[0.239s] INFO:colcon.colcon_core.shell:Creating environment hook '/home/osb/hri_robot/install/joy_tester/share/joy_tester/hook/ament_prefix_path.ps1'
[0.239s] INFO:colcon.colcon_core.shell:Creating environment descriptor '/home/osb/hri_robot/install/joy_tester/share/joy_tester/hook/ament_prefix_path.dsv'
[0.240s] INFO:colcon.colcon_core.shell:Creating environment hook '/home/osb/hri_robot/install/joy_tester/share/joy_tester/hook/ament_prefix_path.sh'
[0.240s] INFO:colcon.colcon_core.shell:Skip shell extension 'powershell' for command environment: Not usable outside of PowerShell
[0.240s] DEBUG:colcon.colcon_core.shell:Skip shell extension 'dsv' for command environment
[0.432s] INFO:colcon.colcon_core.task.python.build:Building Python package in '/home/osb/hri_robot/src/hri_mobile_robot_description'
[0.432s] INFO:colcon.colcon_core.shell:Skip shell extension 'powershell' for command environment: Not usable outside of PowerShell
[0.432s] DEBUG:colcon.colcon_core.shell:Skip shell extension 'dsv' for command environment
[0.629s] INFO:colcon.colcon_core.task.python.build:Building Python package in '/home/osb/hri_robot/src/joy_tester-main'
[0.629s] INFO:colcon.colcon_core.shell:Skip shell extension 'powershell' for command environment: Not usable outside of PowerShell
[0.629s] DEBUG:colcon.colcon_core.shell:Skip shell extension 'dsv' for command environment
[0.955s] DEBUG:colcon.colcon_core.event_handler.log_command:Invoking command in '/home/osb/hri_robot/src/joy_tester-main': PYTHONPATH=/home/osb/hri_robot/build/joy_tester/prefix_override:/usr/lib/python3/dist-packages/colcon_core/task/python/colcon_distutils_commands:/home/osb/hri_robot/install/joy_tester/lib/python3.10/site-packages:${PYTHONPATH} /usr/bin/python3 -W ignore:setup.py install is deprecated -W ignore:easy_install command is deprecated setup.py egg_info --egg-base ../../build/joy_tester build --build-base /home/osb/hri_robot/build/joy_tester/build install --record /home/osb/hri_robot/build/joy_tester/install.log --single-version-externally-managed install_data
[0.958s] DEBUG:colcon.colcon_core.event_handler.log_command:Invoking command in '/home/osb/hri_robot/src/hri_mobile_robot_description': PYTHONPATH=/home/osb/hri_robot/build/hri_mobile_robot_description/prefix_override:/usr/lib/python3/dist-packages/colcon_core/task/python/colcon_distutils_commands:/home/osb/hri_robot/install/hri_mobile_robot_description/lib/python3.10/site-packages:${PYTHONPATH} /usr/bin/python3 -W ignore:setup.py install is deprecated -W ignore:easy_install command is deprecated setup.py egg_info --egg-base ../../build/hri_mobile_robot_description build --build-base /home/osb/hri_robot/build/hri_mobile_robot_description/build install --record /home/osb/hri_robot/build/hri_mobile_robot_description/install.log --single-version-externally-managed install_data
[1.250s] DEBUG:colcon.colcon_core.event_handler.log_command:Invoked command in '/home/osb/hri_robot/src/joy_tester-main' returned '0': PYTHONPATH=/home/osb/hri_robot/build/joy_tester/prefix_override:/usr/lib/python3/dist-packages/colcon_core/task/python/colcon_distutils_commands:/home/osb/hri_robot/install/joy_tester/lib/python3.10/site-packages:${PYTHONPATH} /usr/bin/python3 -W ignore:setup.py install is deprecated -W ignore:easy_install command is deprecated setup.py egg_info --egg-base ../../build/joy_tester build --build-base /home/osb/hri_robot/build/joy_tester/build install --record /home/osb/hri_robot/build/joy_tester/install.log --single-version-externally-managed install_data
[1.252s] Level 1:colcon.colcon_core.environment:checking '/home/osb/hri_robot/install/joy_tester' for CMake module files
[1.252s] Level 1:colcon.colcon_core.environment:checking '/home/osb/hri_robot/install/joy_tester' for CMake config files
[1.253s] Level 1:colcon.colcon_core.environment:checking '/home/osb/hri_robot/install/joy_tester/lib'
[1.253s] Level 1:colcon.colcon_core.environment:checking '/home/osb/hri_robot/install/joy_tester/bin'
[1.253s] Level 1:colcon.colcon_core.environment:checking '/home/osb/hri_robot/install/joy_tester/lib/pkgconfig/joy_tester.pc'
[1.253s] Level 1:colcon.colcon_core.environment:checking '/home/osb/hri_robot/install/joy_tester/lib/python3.10/site-packages'
[1.253s] Level 1:colcon.colcon_core.shell:create_environment_hook('joy_tester', 'pythonpath')
[1.253s] INFO:colcon.colcon_core.shell:Creating environment hook '/home/osb/hri_robot/install/joy_tester/share/joy_tester/hook/pythonpath.ps1'
[1.253s] INFO:colcon.colcon_core.shell:Creating environment descriptor '/home/osb/hri_robot/install/joy_tester/share/joy_tester/hook/pythonpath.dsv'
[1.253s] INFO:colcon.colcon_core.shell:Creating environment hook '/home/osb/hri_robot/install/joy_tester/share/joy_tester/hook/pythonpath.sh'
[1.254s] Level 1:colcon.colcon_core.environment:checking '/home/osb/hri_robot/install/joy_tester/bin'
[1.254s] Level 1:colcon.colcon_core.environment:create_environment_scripts_only(joy_tester)
[1.254s] INFO:colcon.colcon_core.shell:Creating package script '/home/osb/hri_robot/install/joy_tester/share/joy_tester/package.ps1'
[1.254s] INFO:colcon.colcon_core.shell:Creating package descriptor '/home/osb/hri_robot/install/joy_tester/share/joy_tester/package.dsv'
[1.255s] INFO:colcon.colcon_core.shell:Creating package script '/home/osb/hri_robot/install/joy_tester/share/joy_tester/package.sh'
[1.255s] INFO:colcon.colcon_core.shell:Creating package script '/home/osb/hri_robot/install/joy_tester/share/joy_tester/package.bash'
[1.256s] INFO:colcon.colcon_core.shell:Creating package script '/home/osb/hri_robot/install/joy_tester/share/joy_tester/package.zsh'
[1.256s] Level 1:colcon.colcon_core.environment:create_file_with_runtime_dependencies(/home/osb/hri_robot/install/joy_tester/share/colcon-core/packages/joy_tester)
[1.314s] Level 1:colcon.colcon_core.environment:checking '/home/osb/hri_robot/install/hri_mobile_robot_description' for CMake module files
[1.314s] DEBUG:colcon.colcon_core.event_handler.log_command:Invoked command in '/home/osb/hri_robot/src/hri_mobile_robot_description' returned '0': PYTHONPATH=/home/osb/hri_robot/build/hri_mobile_robot_description/prefix_override:/usr/lib/python3/dist-packages/colcon_core/task/python/colcon_distutils_commands:/home/osb/hri_robot/install/hri_mobile_robot_description/lib/python3.10/site-packages:${PYTHONPATH} /usr/bin/python3 -W ignore:setup.py install is deprecated -W ignore:easy_install command is deprecated setup.py egg_info --egg-base ../../build/hri_mobile_robot_description build --build-base /home/osb/hri_robot/build/hri_mobile_robot_description/build install --record /home/osb/hri_robot/build/hri_mobile_robot_description/install.log --single-version-externally-managed install_data
[1.314s] Level 1:colcon.colcon_core.environment:checking '/home/osb/hri_robot/install/hri_mobile_robot_description' for CMake config files
[1.315s] Level 1:colcon.colcon_core.environment:checking '/home/osb/hri_robot/install/hri_mobile_robot_description/lib'
[1.315s] Level 1:colcon.colcon_core.environment:checking '/home/osb/hri_robot/install/hri_mobile_robot_description/bin'
[1.315s] Level 1:colcon.colcon_core.environment:checking '/home/osb/hri_robot/install/hri_mobile_robot_description/lib/pkgconfig/hri_mobile_robot_description.pc'
[1.315s] Level 1:colcon.colcon_core.environment:checking '/home/osb/hri_robot/install/hri_mobile_robot_description/lib/python3.10/site-packages'
[1.315s] Level 1:colcon.colcon_core.shell:create_environment_hook('hri_mobile_robot_description', 'pythonpath')
[1.315s] INFO:colcon.colcon_core.shell:Creating environment hook '/home/osb/hri_robot/install/hri_mobile_robot_description/share/hri_mobile_robot_description/hook/pythonpath.ps1'
[1.315s] INFO:colcon.colcon_core.shell:Creating environment descriptor '/home/osb/hri_robot/install/hri_mobile_robot_description/share/hri_mobile_robot_description/hook/pythonpath.dsv'
[1.315s] INFO:colcon.colcon_core.shell:Creating environment hook '/home/osb/hri_robot/install/hri_mobile_robot_description/share/hri_mobile_robot_description/hook/pythonpath.sh'
[1.316s] Level 1:colcon.colcon_core.environment:checking '/home/osb/hri_robot/install/hri_mobile_robot_description/bin'
[1.316s] Level 1:colcon.colcon_core.environment:create_environment_scripts_only(hri_mobile_robot_description)
[1.316s] INFO:colcon.colcon_core.shell:Creating package script '/home/osb/hri_robot/install/hri_mobile_robot_description/share/hri_mobile_robot_description/package.ps1'
[1.316s] INFO:colcon.colcon_core.shell:Creating package descriptor '/home/osb/hri_robot/install/hri_mobile_robot_description/share/hri_mobile_robot_description/package.dsv'
[1.316s] INFO:colcon.colcon_core.shell:Creating package script '/home/osb/hri_robot/install/hri_mobile_robot_description/share/hri_mobile_robot_description/package.sh'
[1.316s] INFO:colcon.colcon_core.shell:Creating package script '/home/osb/hri_robot/install/hri_mobile_robot_description/share/hri_mobile_robot_description/package.bash'
[1.316s] INFO:colcon.colcon_core.shell:Creating package script '/home/osb/hri_robot/install/hri_mobile_robot_description/share/hri_mobile_robot_description/package.zsh'
[1.317s] Level 1:colcon.colcon_core.environment:create_file_with_runtime_dependencies(/home/osb/hri_robot/install/hri_mobile_robot_description/share/colcon-core/packages/hri_mobile_robot_description)
[1.317s] DEBUG:colcon.colcon_parallel_executor.executor.parallel:closing loop
[1.317s] DEBUG:colcon.colcon_parallel_executor.executor.parallel:loop closed
[1.317s] DEBUG:colcon.colcon_parallel_executor.executor.parallel:run_until_complete finished with '0'
[1.317s] DEBUG:colcon.colcon_core.event_reactor:joining thread
[1.321s] INFO:colcon.colcon_core.plugin_system:Skipping extension 'colcon_notification.desktop_notification.terminal_notifier': Not used on non-Darwin systems
[1.321s] INFO:colcon.colcon_core.plugin_system:Skipping extension 'colcon_notification.desktop_notification.win32': Not used on non-Windows systems
[1.321s] INFO:colcon.colcon_notification.desktop_notification:Sending desktop notification using 'notify2'
[1.331s] DEBUG:colcon.colcon_core.event_reactor:joined thread
[1.331s] INFO:colcon.colcon_core.shell:Creating prefix script '/home/osb/hri_robot/install/local_setup.ps1'
[1.332s] INFO:colcon.colcon_core.shell:Creating prefix util module '/home/osb/hri_robot/install/_local_setup_util_ps1.py'
[1.332s] INFO:colcon.colcon_core.shell:Creating prefix chain script '/home/osb/hri_robot/install/setup.ps1'
[1.333s] INFO:colcon.colcon_core.shell:Creating prefix script '/home/osb/hri_robot/install/local_setup.sh'
[1.333s] INFO:colcon.colcon_core.shell:Creating prefix util module '/home/osb/hri_robot/install/_local_setup_util_sh.py'
[1.334s] INFO:colcon.colcon_core.shell:Creating prefix chain script '/home/osb/hri_robot/install/setup.sh'
[1.334s] INFO:colcon.colcon_core.shell:Creating prefix script '/home/osb/hri_robot/install/local_setup.bash'
[1.335s] INFO:colcon.colcon_core.shell:Creating prefix chain script '/home/osb/hri_robot/install/setup.bash'
[1.335s] INFO:colcon.colcon_core.shell:Creating prefix script '/home/osb/hri_robot/install/local_setup.zsh'
[1.335s] INFO:colcon.colcon_core.shell:Creating prefix chain script '/home/osb/hri_robot/install/setup.zsh'
