/home/osb/hri_robot/install/hri_mobile_robot_description/lib/python3.10/site-packages/hri_mobile_robot_description/handDetector.py
/home/osb/hri_robot/install/hri_mobile_robot_description/lib/python3.10/site-packages/hri_mobile_robot_description/__init__.py
/home/osb/hri_robot/install/hri_mobile_robot_description/lib/python3.10/site-packages/hri_mobile_robot_description/gesture_cal.py
/home/osb/hri_robot/install/hri_mobile_robot_description/lib/python3.10/site-packages/hri_mobile_robot_description/data.py
/home/osb/hri_robot/install/hri_mobile_robot_description/lib/python3.10/site-packages/hri_mobile_robot_description/gesture_to_cmd.py
/home/osb/hri_robot/install/hri_mobile_robot_description/lib/python3.10/site-packages/hri_mobile_robot_description/classifier.py
/home/osb/hri_robot/install/hri_mobile_robot_description/lib/python3.10/site-packages/hri_mobile_robot_description/__pycache__/handDetector.cpython-310.pyc
/home/osb/hri_robot/install/hri_mobile_robot_description/lib/python3.10/site-packages/hri_mobile_robot_description/__pycache__/__init__.cpython-310.pyc
/home/osb/hri_robot/install/hri_mobile_robot_description/lib/python3.10/site-packages/hri_mobile_robot_description/__pycache__/gesture_cal.cpython-310.pyc
/home/osb/hri_robot/install/hri_mobile_robot_description/lib/python3.10/site-packages/hri_mobile_robot_description/__pycache__/data.cpython-310.pyc
/home/osb/hri_robot/install/hri_mobile_robot_description/lib/python3.10/site-packages/hri_mobile_robot_description/__pycache__/gesture_to_cmd.cpython-310.pyc
/home/osb/hri_robot/install/hri_mobile_robot_description/lib/python3.10/site-packages/hri_mobile_robot_description/__pycache__/classifier.cpython-310.pyc
/home/osb/hri_robot/install/hri_mobile_robot_description/share/ament_index/resource_index/packages/hri_mobile_robot_description
/home/osb/hri_robot/install/hri_mobile_robot_description/share/hri_mobile_robot_description/package.xml
/home/osb/hri_robot/install/hri_mobile_robot_description/share/hri_mobile_robot_description/launch/gesturerec.launch.py
/home/osb/hri_robot/install/hri_mobile_robot_description/share/hri_mobile_robot_description/launch/display.launch.py
/home/osb/hri_robot/install/hri_mobile_robot_description/share/hri_mobile_robot_description/launch/joystick.launch.py
/home/osb/hri_robot/install/hri_mobile_robot_description/share/hri_mobile_robot_description/launch/gazebo.launch.py
/home/osb/hri_robot/install/hri_mobile_robot_description/share/hri_mobile_robot_description/urdf/hri_mobile_robot.xacro
/home/osb/hri_robot/install/hri_mobile_robot_description/share/hri_mobile_robot_description/urdf/hri_mobile_robot.trans
/home/osb/hri_robot/install/hri_mobile_robot_description/share/hri_mobile_robot_description/urdf/hri_mobile_robot.gazebo
/home/osb/hri_robot/install/hri_mobile_robot_description/share/hri_mobile_robot_description/urdf/materials.xacro
/home/osb/hri_robot/install/hri_mobile_robot_description/share/hri_mobile_robot_description/meshes/bec_1.stl
/home/osb/hri_robot/install/hri_mobile_robot_description/share/hri_mobile_robot_description/meshes/motor_driver_1.stl
/home/osb/hri_robot/install/hri_mobile_robot_description/share/hri_mobile_robot_description/meshes/base_link.stl
/home/osb/hri_robot/install/hri_mobile_robot_description/share/hri_mobile_robot_description/meshes/battery_1_1.stl
/home/osb/hri_robot/install/hri_mobile_robot_description/share/hri_mobile_robot_description/meshes/bms_1_1.stl
/home/osb/hri_robot/install/hri_mobile_robot_description/share/hri_mobile_robot_description/meshes/blue_back_wheel_1.stl
/home/osb/hri_robot/install/hri_mobile_robot_description/share/hri_mobile_robot_description/meshes/raspberry_pi_4_1.stl
/home/osb/hri_robot/install/hri_mobile_robot_description/share/hri_mobile_robot_description/meshes/camera_mount_1.stl
/home/osb/hri_robot/install/hri_mobile_robot_description/share/hri_mobile_robot_description/meshes/blue_back_motor_1.stl
/home/osb/hri_robot/install/hri_mobile_robot_description/share/hri_mobile_robot_description/meshes/blue_front_motor_1.stl
/home/osb/hri_robot/install/hri_mobile_robot_description/share/hri_mobile_robot_description/meshes/blue_front_wheel_1.stl
/home/osb/hri_robot/install/hri_mobile_robot_description/share/hri_mobile_robot_description/meshes/bms_2_1.stl
/home/osb/hri_robot/install/hri_mobile_robot_description/share/hri_mobile_robot_description/meshes/lidar_1.stl
/home/osb/hri_robot/install/hri_mobile_robot_description/share/hri_mobile_robot_description/meshes/camera_1.stl
/home/osb/hri_robot/install/hri_mobile_robot_description/share/hri_mobile_robot_description/meshes/battery_2_1.stl
/home/osb/hri_robot/install/hri_mobile_robot_description/share/hri_mobile_robot_description/meshes/imu_1.stl
/home/osb/hri_robot/install/hri_mobile_robot_description/share/hri_mobile_robot_description/meshes/red_back_motor_1.stl
/home/osb/hri_robot/install/hri_mobile_robot_description/share/hri_mobile_robot_description/meshes/on_off_switch_1.stl
/home/osb/hri_robot/install/hri_mobile_robot_description/share/hri_mobile_robot_description/meshes/red_front_motor_1.stl
/home/osb/hri_robot/install/hri_mobile_robot_description/share/hri_mobile_robot_description/meshes/red_front_wheel_1.stl
/home/osb/hri_robot/install/hri_mobile_robot_description/share/hri_mobile_robot_description/meshes/bms_3_1.stl
/home/osb/hri_robot/install/hri_mobile_robot_description/share/hri_mobile_robot_description/meshes/red_back_wheel_1.stl
/home/osb/hri_robot/install/hri_mobile_robot_description/share/hri_mobile_robot_description/meshes/buck_converter_1.stl
/home/osb/hri_robot/install/hri_mobile_robot_description/share/hri_mobile_robot_description/meshes/bms_4_1.stl
/home/osb/hri_robot/install/hri_mobile_robot_description/share/hri_mobile_robot_description/meshes/arduino_nano_1.stl
/home/osb/hri_robot/install/hri_mobile_robot_description/share/hri_mobile_robot_description/config/joystick.yaml
/home/osb/hri_robot/install/hri_mobile_robot_description/share/hri_mobile_robot_description/config/display.rviz
/home/osb/hri_robot/install/hri_mobile_robot_description/lib/python3.10/site-packages/hri_mobile_robot_description-0.0.0-py3.10.egg-info/SOURCES.txt
/home/osb/hri_robot/install/hri_mobile_robot_description/lib/python3.10/site-packages/hri_mobile_robot_description-0.0.0-py3.10.egg-info/dependency_links.txt
/home/osb/hri_robot/install/hri_mobile_robot_description/lib/python3.10/site-packages/hri_mobile_robot_description-0.0.0-py3.10.egg-info/top_level.txt
/home/osb/hri_robot/install/hri_mobile_robot_description/lib/python3.10/site-packages/hri_mobile_robot_description-0.0.0-py3.10.egg-info/requires.txt
/home/osb/hri_robot/install/hri_mobile_robot_description/lib/python3.10/site-packages/hri_mobile_robot_description-0.0.0-py3.10.egg-info/entry_points.txt
/home/osb/hri_robot/install/hri_mobile_robot_description/lib/python3.10/site-packages/hri_mobile_robot_description-0.0.0-py3.10.egg-info/PKG-INFO
/home/osb/hri_robot/install/hri_mobile_robot_description/lib/python3.10/site-packages/hri_mobile_robot_description-0.0.0-py3.10.egg-info/zip-safe
/home/osb/hri_robot/install/hri_mobile_robot_description/lib/hri_mobile_robot_description/cmd_node
/home/osb/hri_robot/install/hri_mobile_robot_description/lib/hri_mobile_robot_description/index_node
