running egg_info
creating ../../build/hri_mobile_robot_description/hri_mobile_robot_description.egg-info
writing ../../build/hri_mobile_robot_description/hri_mobile_robot_description.egg-info/PKG-INFO
writing dependency_links to ../../build/hri_mobile_robot_description/hri_mobile_robot_description.egg-info/dependency_links.txt
writing entry points to ../../build/hri_mobile_robot_description/hri_mobile_robot_description.egg-info/entry_points.txt
writing requirements to ../../build/hri_mobile_robot_description/hri_mobile_robot_description.egg-info/requires.txt
writing top-level names to ../../build/hri_mobile_robot_description/hri_mobile_robot_description.egg-info/top_level.txt
writing manifest file '../../build/hri_mobile_robot_description/hri_mobile_robot_description.egg-info/SOURCES.txt'
reading manifest file '../../build/hri_mobile_robot_description/hri_mobile_robot_description.egg-info/SOURCES.txt'
writing manifest file '../../build/hri_mobile_robot_description/hri_mobile_robot_description.egg-info/SOURCES.txt'
running build
running build_py
creating /home/osb/hri_robot/build/hri_mobile_robot_description/build
creating /home/osb/hri_robot/build/hri_mobile_robot_description/build/lib
creating /home/osb/hri_robot/build/hri_mobile_robot_description/build/lib/hri_mobile_robot_description
copying hri_mobile_robot_description/handDetector.py -> /home/osb/hri_robot/build/hri_mobile_robot_description/build/lib/hri_mobile_robot_description
copying hri_mobile_robot_description/__init__.py -> /home/osb/hri_robot/build/hri_mobile_robot_description/build/lib/hri_mobile_robot_description
copying hri_mobile_robot_description/gesture_cal.py -> /home/osb/hri_robot/build/hri_mobile_robot_description/build/lib/hri_mobile_robot_description
copying hri_mobile_robot_description/data.py -> /home/osb/hri_robot/build/hri_mobile_robot_description/build/lib/hri_mobile_robot_description
copying hri_mobile_robot_description/gesture_to_cmd.py -> /home/osb/hri_robot/build/hri_mobile_robot_description/build/lib/hri_mobile_robot_description
copying hri_mobile_robot_description/classifier.py -> /home/osb/hri_robot/build/hri_mobile_robot_description/build/lib/hri_mobile_robot_description
running install
running install_lib
creating /home/osb/hri_robot/install/hri_mobile_robot_description/lib/python3.10/site-packages/hri_mobile_robot_description
copying /home/osb/hri_robot/build/hri_mobile_robot_description/build/lib/hri_mobile_robot_description/handDetector.py -> /home/osb/hri_robot/install/hri_mobile_robot_description/lib/python3.10/site-packages/hri_mobile_robot_description
copying /home/osb/hri_robot/build/hri_mobile_robot_description/build/lib/hri_mobile_robot_description/__init__.py -> /home/osb/hri_robot/install/hri_mobile_robot_description/lib/python3.10/site-packages/hri_mobile_robot_description
copying /home/osb/hri_robot/build/hri_mobile_robot_description/build/lib/hri_mobile_robot_description/gesture_cal.py -> /home/osb/hri_robot/install/hri_mobile_robot_description/lib/python3.10/site-packages/hri_mobile_robot_description
copying /home/osb/hri_robot/build/hri_mobile_robot_description/build/lib/hri_mobile_robot_description/data.py -> /home/osb/hri_robot/install/hri_mobile_robot_description/lib/python3.10/site-packages/hri_mobile_robot_description
copying /home/osb/hri_robot/build/hri_mobile_robot_description/build/lib/hri_mobile_robot_description/gesture_to_cmd.py -> /home/osb/hri_robot/install/hri_mobile_robot_description/lib/python3.10/site-packages/hri_mobile_robot_description
copying /home/osb/hri_robot/build/hri_mobile_robot_description/build/lib/hri_mobile_robot_description/classifier.py -> /home/osb/hri_robot/install/hri_mobile_robot_description/lib/python3.10/site-packages/hri_mobile_robot_description
byte-compiling /home/osb/hri_robot/install/hri_mobile_robot_description/lib/python3.10/site-packages/hri_mobile_robot_description/handDetector.py to handDetector.cpython-310.pyc
byte-compiling /home/osb/hri_robot/install/hri_mobile_robot_description/lib/python3.10/site-packages/hri_mobile_robot_description/__init__.py to __init__.cpython-310.pyc
byte-compiling /home/osb/hri_robot/install/hri_mobile_robot_description/lib/python3.10/site-packages/hri_mobile_robot_description/gesture_cal.py to gesture_cal.cpython-310.pyc
byte-compiling /home/osb/hri_robot/install/hri_mobile_robot_description/lib/python3.10/site-packages/hri_mobile_robot_description/data.py to data.cpython-310.pyc
byte-compiling /home/osb/hri_robot/install/hri_mobile_robot_description/lib/python3.10/site-packages/hri_mobile_robot_description/gesture_to_cmd.py to gesture_to_cmd.cpython-310.pyc
byte-compiling /home/osb/hri_robot/install/hri_mobile_robot_description/lib/python3.10/site-packages/hri_mobile_robot_description/classifier.py to classifier.cpython-310.pyc
running install_data
creating /home/osb/hri_robot/install/hri_mobile_robot_description/share/ament_index
creating /home/osb/hri_robot/install/hri_mobile_robot_description/share/ament_index/resource_index
creating /home/osb/hri_robot/install/hri_mobile_robot_description/share/ament_index/resource_index/packages
copying resource/hri_mobile_robot_description -> /home/osb/hri_robot/install/hri_mobile_robot_description/share/ament_index/resource_index/packages
copying package.xml -> /home/osb/hri_robot/install/hri_mobile_robot_description/share/hri_mobile_robot_description
creating /home/osb/hri_robot/install/hri_mobile_robot_description/share/hri_mobile_robot_description/launch
copying launch/gesturerec.launch.py -> /home/osb/hri_robot/install/hri_mobile_robot_description/share/hri_mobile_robot_description/launch
copying launch/display.launch.py -> /home/osb/hri_robot/install/hri_mobile_robot_description/share/hri_mobile_robot_description/launch
copying launch/joystick.launch.py -> /home/osb/hri_robot/install/hri_mobile_robot_description/share/hri_mobile_robot_description/launch
copying launch/gazebo.launch.py -> /home/osb/hri_robot/install/hri_mobile_robot_description/share/hri_mobile_robot_description/launch
creating /home/osb/hri_robot/install/hri_mobile_robot_description/share/hri_mobile_robot_description/urdf
copying urdf/hri_mobile_robot.xacro -> /home/osb/hri_robot/install/hri_mobile_robot_description/share/hri_mobile_robot_description/urdf
copying urdf/hri_mobile_robot.trans -> /home/osb/hri_robot/install/hri_mobile_robot_description/share/hri_mobile_robot_description/urdf
copying urdf/hri_mobile_robot.gazebo -> /home/osb/hri_robot/install/hri_mobile_robot_description/share/hri_mobile_robot_description/urdf
copying urdf/materials.xacro -> /home/osb/hri_robot/install/hri_mobile_robot_description/share/hri_mobile_robot_description/urdf
creating /home/osb/hri_robot/install/hri_mobile_robot_description/share/hri_mobile_robot_description/meshes
copying meshes/bec_1.stl -> /home/osb/hri_robot/install/hri_mobile_robot_description/share/hri_mobile_robot_description/meshes
copying meshes/motor_driver_1.stl -> /home/osb/hri_robot/install/hri_mobile_robot_description/share/hri_mobile_robot_description/meshes
copying meshes/base_link.stl -> /home/osb/hri_robot/install/hri_mobile_robot_description/share/hri_mobile_robot_description/meshes
copying meshes/battery_1_1.stl -> /home/osb/hri_robot/install/hri_mobile_robot_description/share/hri_mobile_robot_description/meshes
copying meshes/bms_1_1.stl -> /home/osb/hri_robot/install/hri_mobile_robot_description/share/hri_mobile_robot_description/meshes
copying meshes/blue_back_wheel_1.stl -> /home/osb/hri_robot/install/hri_mobile_robot_description/share/hri_mobile_robot_description/meshes
copying meshes/raspberry_pi_4_1.stl -> /home/osb/hri_robot/install/hri_mobile_robot_description/share/hri_mobile_robot_description/meshes
copying meshes/camera_mount_1.stl -> /home/osb/hri_robot/install/hri_mobile_robot_description/share/hri_mobile_robot_description/meshes
copying meshes/blue_back_motor_1.stl -> /home/osb/hri_robot/install/hri_mobile_robot_description/share/hri_mobile_robot_description/meshes
copying meshes/blue_front_motor_1.stl -> /home/osb/hri_robot/install/hri_mobile_robot_description/share/hri_mobile_robot_description/meshes
copying meshes/blue_front_wheel_1.stl -> /home/osb/hri_robot/install/hri_mobile_robot_description/share/hri_mobile_robot_description/meshes
copying meshes/bms_2_1.stl -> /home/osb/hri_robot/install/hri_mobile_robot_description/share/hri_mobile_robot_description/meshes
copying meshes/lidar_1.stl -> /home/osb/hri_robot/install/hri_mobile_robot_description/share/hri_mobile_robot_description/meshes
copying meshes/camera_1.stl -> /home/osb/hri_robot/install/hri_mobile_robot_description/share/hri_mobile_robot_description/meshes
copying meshes/battery_2_1.stl -> /home/osb/hri_robot/install/hri_mobile_robot_description/share/hri_mobile_robot_description/meshes
copying meshes/imu_1.stl -> /home/osb/hri_robot/install/hri_mobile_robot_description/share/hri_mobile_robot_description/meshes
copying meshes/red_back_motor_1.stl -> /home/osb/hri_robot/install/hri_mobile_robot_description/share/hri_mobile_robot_description/meshes
copying meshes/on_off_switch_1.stl -> /home/osb/hri_robot/install/hri_mobile_robot_description/share/hri_mobile_robot_description/meshes
copying meshes/red_front_motor_1.stl -> /home/osb/hri_robot/install/hri_mobile_robot_description/share/hri_mobile_robot_description/meshes
copying meshes/red_front_wheel_1.stl -> /home/osb/hri_robot/install/hri_mobile_robot_description/share/hri_mobile_robot_description/meshes
copying meshes/bms_3_1.stl -> /home/osb/hri_robot/install/hri_mobile_robot_description/share/hri_mobile_robot_description/meshes
copying meshes/red_back_wheel_1.stl -> /home/osb/hri_robot/install/hri_mobile_robot_description/share/hri_mobile_robot_description/meshes
copying meshes/buck_converter_1.stl -> /home/osb/hri_robot/install/hri_mobile_robot_description/share/hri_mobile_robot_description/meshes
copying meshes/bms_4_1.stl -> /home/osb/hri_robot/install/hri_mobile_robot_description/share/hri_mobile_robot_description/meshes
copying meshes/arduino_nano_1.stl -> /home/osb/hri_robot/install/hri_mobile_robot_description/share/hri_mobile_robot_description/meshes
creating /home/osb/hri_robot/install/hri_mobile_robot_description/share/hri_mobile_robot_description/config
copying config/joystick.yaml -> /home/osb/hri_robot/install/hri_mobile_robot_description/share/hri_mobile_robot_description/config
copying config/display.rviz -> /home/osb/hri_robot/install/hri_mobile_robot_description/share/hri_mobile_robot_description/config
running install_egg_info
Copying ../../build/hri_mobile_robot_description/hri_mobile_robot_description.egg-info to /home/osb/hri_robot/install/hri_mobile_robot_description/lib/python3.10/site-packages/hri_mobile_robot_description-0.0.0-py3.10.egg-info
running install_scripts
Installing cmd_node script to /home/osb/hri_robot/install/hri_mobile_robot_description/lib/hri_mobile_robot_description
Installing index_node script to /home/osb/hri_robot/install/hri_mobile_robot_description/lib/hri_mobile_robot_description
writing list of installed files to '/home/osb/hri_robot/build/hri_mobile_robot_description/install.log'
